-------------------------------------------------------------------------------
Test set: TestAssignment1.NumberConverterTest
-------------------------------------------------------------------------------
<<<<<<< HEAD
Tests run: 1, Failures: 0, Errors: 0, Skipped: 0, Time elapsed: 0.001 sec
=======
<<<<<<< HEAD
Tests run: 1, Failures: 0, Errors: 0, Skipped: 0, Time elapsed: 0.001 sec
=======
Tests run: 1, Failures: 0, Errors: 0, Skipped: 0, Time elapsed: 0 sec
>>>>>>> 77d1ecf7f9172d02e18ef67422e6e0f72d069888
>>>>>>> 0222f056414245b914dde58b3592c736ad683cb0
