-------------------------------------------------------------------------------
Test set: TestAssignment1.CelsiusToFahrenheitTest
-------------------------------------------------------------------------------
<<<<<<< HEAD
Tests run: 4, Failures: 0, Errors: 0, Skipped: 0, Time elapsed: 0.062 sec
=======
<<<<<<< HEAD
Tests run: 5, Failures: 0, Errors: 0, Skipped: 0, Time elapsed: 0.093 sec
=======
Tests run: 4, Failures: 0, Errors: 0, Skipped: 0, Time elapsed: 0.028 sec
>>>>>>> 77d1ecf7f9172d02e18ef67422e6e0f72d069888
>>>>>>> 0222f056414245b914dde58b3592c736ad683cb0
